Detecting C compiler ABI info failed to compile with the following output:
Change Dir: /Users/basar/Workspace/eosio-folders/contracts/hello/build/hello/CMakeFiles/CMakeTmp

Run Build Command:"/usr/bin/make" "cmTC_710e9/fast"
/Applications/Xcode.app/Contents/Developer/usr/bin/make -f CMakeFiles/cmTC_710e9.dir/build.make CMakeFiles/cmTC_710e9.dir/build
Building C object CMakeFiles/cmTC_710e9.dir/CMakeCCompilerABI.c.obj
//usr/local/bin/eosio-cc   -O3     -o CMakeFiles/cmTC_710e9.dir/CMakeCCompilerABI.c.obj   -c /usr/local/Cellar/cmake/3.12.0/share/cmake/Modules/CMakeCCompilerABI.c
Linking C executable cmTC_710e9.wasm
/usr/local/Cellar/cmake/3.12.0/bin/cmake -E cmake_link_script CMakeFiles/cmTC_710e9.dir/link.txt --verbose=1
//usr/local/bin/eosio-ld  -v CMakeFiles/cmTC_710e9.dir/CMakeCCompilerABI.c.obj -o cmTC_710e9.wasm 
eosio-ld: Unknown command line argument '-v'.  Try: '//usr/local/bin/eosio-ld -help'
eosio-ld: Did you mean '-l'?
make[4]: *** [cmTC_710e9.wasm] Error 1
make[3]: *** [cmTC_710e9/fast] Error 2



Detecting C [-std=c11] compiler features failed to compile with the following output:
Change Dir: /Users/basar/Workspace/eosio-folders/contracts/hello/build/hello/CMakeFiles/CMakeTmp

Run Build Command:"/usr/bin/make" "cmTC_def41/fast"
/Applications/Xcode.app/Contents/Developer/usr/bin/make -f CMakeFiles/cmTC_def41.dir/build.make CMakeFiles/cmTC_def41.dir/build
Building C object CMakeFiles/cmTC_def41.dir/feature_tests.c.obj
//usr/local/bin/eosio-cc   -O3     -std=c11 -o CMakeFiles/cmTC_def41.dir/feature_tests.c.obj   -c /Users/basar/Workspace/eosio-folders/contracts/hello/build/hello/CMakeFiles/feature_tests.c
eosio-cc: Unknown command line argument '-std=c11'.  Try: '//usr/local/bin/eosio-cc -help'
eosio-cc: Did you mean '-dD=c11'?
make[4]: *** [CMakeFiles/cmTC_def41.dir/feature_tests.c.obj] Error 1
make[3]: *** [cmTC_def41/fast] Error 2



Detecting CXX compiler ABI info failed to compile with the following output:
Change Dir: /Users/basar/Workspace/eosio-folders/contracts/hello/build/hello/CMakeFiles/CMakeTmp

Run Build Command:"/usr/bin/make" "cmTC_e9de4/fast"
/Applications/Xcode.app/Contents/Developer/usr/bin/make -f CMakeFiles/cmTC_e9de4.dir/build.make CMakeFiles/cmTC_e9de4.dir/build
Building CXX object CMakeFiles/cmTC_e9de4.dir/CMakeCXXCompilerABI.cpp.obj
//usr/local/bin/eosio-cpp    -O3     -o CMakeFiles/cmTC_e9de4.dir/CMakeCXXCompilerABI.cpp.obj -c /usr/local/Cellar/cmake/3.12.0/share/cmake/Modules/CMakeCXXCompilerABI.cpp
Linking CXX executable cmTC_e9de4.wasm
/usr/local/Cellar/cmake/3.12.0/bin/cmake -E cmake_link_script CMakeFiles/cmTC_e9de4.dir/link.txt --verbose=1
//usr/local/bin/eosio-ld  -v CMakeFiles/cmTC_e9de4.dir/CMakeCXXCompilerABI.cpp.obj -o cmTC_e9de4.wasm 
eosio-ld: Unknown command line argument '-v'.  Try: '//usr/local/bin/eosio-ld -help'
eosio-ld: Did you mean '-l'?
make[4]: *** [cmTC_e9de4.wasm] Error 1
make[3]: *** [cmTC_e9de4/fast] Error 2



Detecting CXX [-std=c++2a] compiler features failed to compile with the following output:
Change Dir: /Users/basar/Workspace/eosio-folders/contracts/hello/build/hello/CMakeFiles/CMakeTmp

Run Build Command:"/usr/bin/make" "cmTC_52c52/fast"
/Applications/Xcode.app/Contents/Developer/usr/bin/make -f CMakeFiles/cmTC_52c52.dir/build.make CMakeFiles/cmTC_52c52.dir/build
Building CXX object CMakeFiles/cmTC_52c52.dir/feature_tests.cxx.obj
//usr/local/bin/eosio-cpp    -O3     -std=c++2a -o CMakeFiles/cmTC_52c52.dir/feature_tests.cxx.obj -c /Users/basar/Workspace/eosio-folders/contracts/hello/build/hello/CMakeFiles/feature_tests.cxx
Linking CXX executable cmTC_52c52.wasm
/usr/local/Cellar/cmake/3.12.0/bin/cmake -E cmake_link_script CMakeFiles/cmTC_52c52.dir/link.txt --verbose=1
//usr/local/bin/eosio-ld   CMakeFiles/cmTC_52c52.dir/feature_tests.cxx.obj -o cmTC_52c52.wasm 
/usr/local/Cellar/eosio.cdt/1.5.0/opt/eosio.cdt/bin/wasm-ld: error: undefined symbol: apply
make[4]: *** [cmTC_52c52.wasm] Error 255
make[3]: *** [cmTC_52c52/fast] Error 2



